000000 0 0x000020400
001000 0 0x000040849
002000 0 0x000060C92
003000 0 0x0000810DB
004000 0 0x0000A1524
005000 0 0x0000C196D
006000 0 0x0000E1DB6
007000 0 0x0001021FF
008000 0 0x000122607
009000 0 0x000142A4E
010000 0 0x000162E95
011000 0 0x0001832DC
012000 0 0x0001A3723
013000 0 0x0001C3B6A
014000 0 0x0001E3FB1
015000 0 0x0002043F8
016000 0 0x000024007
017000 0 0x000043C46
018000 0 0x000063885
019000 0 0x0000834C4
020000 0 0x0000A3103
021000 0 0x0000C2D42
022000 0 0x0000E2981
023000 0 0x0001025C0
024000 0 0x000122200
025000 0 0x000141E41
026000 0 0x000161A82
027000 0 0x0001816C3
028000 0 0x0001A1304
029000 0 0x0001C0F45
030000 0 0x0001E0B86
031000 0 0x0002007C7
032000 0 0x000004007
033000 0 0x000023C46
034000 0 0x000043885
035000 0 0x0000634C4
036000 0 0x000083103
037000 0 0x0000A2D42
038000 0 0x0000C2981
039000 0 0x0000E25C0
040000 0 0x000102200
041000 0 0x000121E41
042000 0 0x000141A82
043000 0 0x0001616C3
044000 0 0x000181304
045000 0 0x0001A0F45
046000 0 0x0001C0B86
047000 0 0x0001E07C7